{"level":"info","msg":"/Users/tech/go/src/ginDemo/dal/db/db_send_record.go:18\n[0.761ms] [rows:1] SELECT * FROM `rp_send_record` WHERE user_id = 'ap010' AND biz_out_no = 'biz_000004'","request_id":"ff3082ff-06bd-47eb-b5d2-de8b267306f9","time":"2023-04-02T00:19:29+08:00"}
{"level":"info","msg":"[[SendRedPacket] bizOutNo has one record already]","request_id":"ff3082ff-06bd-47eb-b5d2-de8b267306f9","time":"2023-04-02T00:19:29+08:00"}
{"client_ip":"::1","level":"info","method":"POST","msg":"","request_id":"ff3082ff-06bd-47eb-b5d2-de8b267306f9","status_code":200,"time":"2023-04-02T00:19:29+08:00","uri":"/red-packet/send"}
{"level":"info","msg":"/Users/tech/go/src/ginDemo/dal/db/db_send_record.go:18\n[1.046ms] [rows:1] SELECT * FROM `rp_send_record` WHERE user_id = 'ap010' AND biz_out_no = 'biz_000004'","request_id":"0fb400e9-70ec-4e89-95ab-c46cf2582a80","time":"2023-04-02T00:19:30+08:00"}
{"level":"info","msg":"[[SendRedPacket] bizOutNo has one record already]","request_id":"0fb400e9-70ec-4e89-95ab-c46cf2582a80","time":"2023-04-02T00:19:30+08:00"}
{"client_ip":"::1","level":"info","method":"POST","msg":"","request_id":"0fb400e9-70ec-4e89-95ab-c46cf2582a80","status_code":200,"time":"2023-04-02T00:19:30+08:00","uri":"/red-packet/send"}
{"level":"info","msg":"/Users/tech/go/src/ginDemo/dal/db/db_send_record.go:18\n[0.670ms] [rows:1] SELECT * FROM `rp_send_record` WHERE user_id = 'ap010' AND biz_out_no = 'biz_000004'","request_id":"d1708c6e-d25b-4a88-a865-b810acb0cf3f","time":"2023-04-02T00:19:30+08:00"}
{"level":"info","msg":"[[SendRedPacket] bizOutNo has one record already]","request_id":"d1708c6e-d25b-4a88-a865-b810acb0cf3f","time":"2023-04-02T00:19:30+08:00"}
{"client_ip":"::1","level":"info","method":"POST","msg":"","request_id":"d1708c6e-d25b-4a88-a865-b810acb0cf3f","status_code":200,"time":"2023-04-02T00:19:30+08:00","uri":"/red-packet/send"}
{"level":"info","msg":"/Users/tech/go/src/ginDemo/dal/db/db_send_record.go:18\n[0.445ms] [rows:1] SELECT * FROM `rp_send_record` WHERE user_id = 'ap010' AND biz_out_no = 'biz_000004'","request_id":"ce7f11f3-f5cb-4ed1-a203-62ab91d96e79","time":"2023-04-02T00:19:31+08:00"}
{"level":"info","msg":"[[SendRedPacket] bizOutNo has one record already]","request_id":"ce7f11f3-f5cb-4ed1-a203-62ab91d96e79","time":"2023-04-02T00:19:31+08:00"}
{"client_ip":"::1","level":"info","method":"POST","msg":"","request_id":"ce7f11f3-f5cb-4ed1-a203-62ab91d96e79","status_code":200,"time":"2023-04-02T00:19:31+08:00","uri":"/red-packet/send"}
{"level":"info","msg":"[成功连接redis]","request_id":"d99033a0-3faa-4302-b285-573a30a8d745","time":"2023-04-02 11:02:23"}
{"level":"info","msg":"/Users/tech/go/src/ginDemo/dal/db/db_send_record.go:18\n[0.950ms] [rows:0] SELECT * FROM `rp_send_record` WHERE user_id = 'ap0112' AND biz_out_no = 'biz_000005'","request_id":"d99033a0-3faa-4302-b285-573a30a8d745","time":"2023-04-02T11:03:11+08:00"}
{"level":"info","msg":"lpush success, size:[50]","request_id":"d99033a0-3faa-4302-b285-573a30a8d745","time":"2023-04-02T11:03:11+08:00"}
{"level":"info","msg":"/Users/tech/go/src/ginDemo/service/send_red_packet.go:85\n[1.304ms] [rows:1] INSERT INTO `rp_send_record` (`user_id`,`group_chat_id`,`rp_id`,`biz_out_no`,`amount`,`receive_amount`,`number`,`status`,`expire_time`,`send_time`,`create_time`,`modify_time`) VALUES ('ap0112','testgroup001','7b3d15cc2e9f462aa35e79990fe879e1','biz_000005',10000,0,50,5,'2023-04-03 11:03:11.418','2023-04-02 11:03:11.419','2023-04-02 11:03:11.419','2023-04-02 11:03:11.419')","request_id":"d99033a0-3faa-4302-b285-573a30a8d745","time":"2023-04-02T11:03:11+08:00"}
{"level":"info","msg":"[SendRedPacket]: insert rp record success: [11]","request_id":"d99033a0-3faa-4302-b285-573a30a8d745","time":"2023-04-02T11:03:11+08:00"}
{"client_ip":"::1","level":"info","method":"POST","msg":"","request_id":"d99033a0-3faa-4302-b285-573a30a8d745","status_code":200,"time":"2023-04-02T11:03:11+08:00","uri":"/red-packet/send"}
{"level":"info","msg":"/Users/tech/go/src/ginDemo/dal/db/db_send_record.go:18\n[10.417ms] [rows:0] SELECT * FROM `rp_send_record` WHERE user_id = 'ap0112' AND biz_out_no = 'biz_000006'","request_id":"8a7a9df7-4a36-4d3b-9edf-27c759e98144","time":"2023-04-02T11:12:19+08:00"}
{"level":"info","msg":"lpush success, size:[50]","request_id":"8a7a9df7-4a36-4d3b-9edf-27c759e98144","time":"2023-04-02T11:12:19+08:00"}
{"level":"info","msg":"/Users/tech/go/src/ginDemo/service/send_red_packet.go:85\n[1.003ms] [rows:1] INSERT INTO `rp_send_record` (`user_id`,`group_chat_id`,`rp_id`,`biz_out_no`,`amount`,`receive_amount`,`number`,`status`,`expire_time`,`send_time`,`create_time`,`modify_time`) VALUES ('ap0112','testgroup001','a453a0219df040519077a5f379deb889','biz_000006',10000,0,50,5,'2023-04-03 11:12:19.297','2023-04-02 11:12:19.298','2023-04-02 11:12:19.298','2023-04-02 11:12:19.298')","request_id":"8a7a9df7-4a36-4d3b-9edf-27c759e98144","time":"2023-04-02T11:12:19+08:00"}
{"level":"info","msg":"[SendRedPacket]: insert rp record success: [12]","request_id":"8a7a9df7-4a36-4d3b-9edf-27c759e98144","time":"2023-04-02T11:12:19+08:00"}
{"client_ip":"::1","level":"info","method":"POST","msg":"","request_id":"8a7a9df7-4a36-4d3b-9edf-27c759e98144","status_code":200,"time":"2023-04-02T11:12:19+08:00","uri":"/red-packet/send"}
{"level":"info","msg":"/Users/tech/go/src/ginDemo/dal/db/db_send_record.go:18\n[6.370ms] [rows:0] SELECT * FROM `rp_send_record` WHERE user_id = 'ap0112' AND biz_out_no = 'biz_000007'","request_id":"6e2169e3-3c19-47bd-a9f9-1a05f62a268f","time":"2023-04-02T11:14:09+08:00"}
{"level":"info","msg":"lpush success, size:[50]","request_id":"6e2169e3-3c19-47bd-a9f9-1a05f62a268f","time":"2023-04-02T11:14:09+08:00"}
{"level":"info","msg":"/Users/tech/go/src/ginDemo/service/send_red_packet.go:85\n[1.762ms] [rows:1] INSERT INTO `rp_send_record` (`user_id`,`group_chat_id`,`rp_id`,`biz_out_no`,`amount`,`receive_amount`,`number`,`status`,`expire_time`,`send_time`,`create_time`,`modify_time`) VALUES ('ap0112','testgroup001','7df9d5f79e8340e3bb43dcbb02d7eaf0','biz_000007',10000,0,50,5,'2023-04-03 11:14:09.974','2023-04-02 11:14:09.98','2023-04-02 11:14:09.98','2023-04-02 11:14:09.98')","request_id":"6e2169e3-3c19-47bd-a9f9-1a05f62a268f","time":"2023-04-02T11:14:09+08:00"}
{"level":"info","msg":"[SendRedPacket]: insert rp record success: [13]","request_id":"6e2169e3-3c19-47bd-a9f9-1a05f62a268f","time":"2023-04-02T11:14:09+08:00"}
{"client_ip":"::1","level":"info","method":"POST","msg":"","request_id":"6e2169e3-3c19-47bd-a9f9-1a05f62a268f","status_code":200,"time":"2023-04-02T11:14:09+08:00","uri":"/red-packet/send"}
{"level":"info","msg":"/Users/tech/go/src/ginDemo/dal/db/db_send_record.go:18\n[3.002ms] [rows:0] SELECT * FROM `rp_send_record` WHERE user_id = 'ap0112' AND biz_out_no = 'biz_000008'","request_id":"be3d119c-ed5f-44e5-a073-7cb7e7492863","time":"2023-04-02T11:18:18+08:00"}
{"level":"info","msg":"lpush success, size:[2]","request_id":"be3d119c-ed5f-44e5-a073-7cb7e7492863","time":"2023-04-02T11:18:18+08:00"}
{"level":"info","msg":"/Users/tech/go/src/ginDemo/service/send_red_packet.go:85\n[0.796ms] [rows:1] INSERT INTO `rp_send_record` (`user_id`,`group_chat_id`,`rp_id`,`biz_out_no`,`amount`,`receive_amount`,`number`,`status`,`expire_time`,`send_time`,`create_time`,`modify_time`) VALUES ('ap0112','testgroup001','c32a253d7c5d4966b572dc0c4ef1aa17','biz_000008',10000,0,2,5,'2023-04-03 11:18:18.39','2023-04-02 11:18:18.403','2023-04-02 11:18:18.403','2023-04-02 11:18:18.403')","request_id":"be3d119c-ed5f-44e5-a073-7cb7e7492863","time":"2023-04-02T11:18:18+08:00"}
{"level":"info","msg":"[SendRedPacket]: insert rp record success: [14]","request_id":"be3d119c-ed5f-44e5-a073-7cb7e7492863","time":"2023-04-02T11:18:18+08:00"}
{"client_ip":"::1","level":"info","method":"POST","msg":"","request_id":"be3d119c-ed5f-44e5-a073-7cb7e7492863","status_code":200,"time":"2023-04-02T11:18:18+08:00","uri":"/red-packet/send"}
{"level":"info","msg":"/Users/tech/go/src/ginDemo/dal/db/db_send_record.go:18\n[0.502ms] [rows:0] SELECT * FROM `rp_send_record` WHERE user_id = 'ap0112' AND biz_out_no = 'biz_000009'","request_id":"b113283a-43d5-4355-a269-a5c48e59cdb6","time":"2023-04-02T11:23:03+08:00"}
{"level":"info","msg":"lpush success, size:[2]","request_id":"b113283a-43d5-4355-a269-a5c48e59cdb6","time":"2023-04-02T11:23:03+08:00"}
{"level":"info","msg":"/Users/tech/go/src/ginDemo/service/send_red_packet.go:85\n[0.593ms] [rows:1] INSERT INTO `rp_send_record` (`user_id`,`group_chat_id`,`rp_id`,`biz_out_no`,`amount`,`receive_amount`,`number`,`status`,`expire_time`,`send_time`,`create_time`,`modify_time`) VALUES ('ap0112','testgroup001','00cbaf2ad6d64a2c9cc68780f4a692cc','biz_000009',10000,0,2,5,'2023-04-03 11:23:03.652','2023-04-02 11:23:03.652','2023-04-02 11:23:03.652','2023-04-02 11:23:03.652')","request_id":"b113283a-43d5-4355-a269-a5c48e59cdb6","time":"2023-04-02T11:23:03+08:00"}
{"level":"info","msg":"[SendRedPacket]: insert rp record success: [15]","request_id":"b113283a-43d5-4355-a269-a5c48e59cdb6","time":"2023-04-02T11:23:03+08:00"}
{"client_ip":"::1","level":"info","method":"POST","msg":"","request_id":"b113283a-43d5-4355-a269-a5c48e59cdb6","status_code":200,"time":"2023-04-02T11:23:03+08:00","uri":"/red-packet/send"}
{"level":"info","msg":"/Users/tech/go/src/ginDemo/dal/db/db_send_record.go:61 year is not in the range [1, 9999]: 292277026596\n[10.081ms] [rows:0] SELECT * FROM `rp_send_record` WHERE user_id = 'ap0112' AND group_chat_id = 'testgroup001' AND create_time \u003c '292277026596-12-04 23:30:07' ORDER BY create_time desc LIMIT 11","request_id":"30717172-a5b0-4b1e-906e-4224ff20c130","time":"2023-04-02T11:33:30+08:00"}
{"level":"error","msg":"dal.QuerySendRecordByCond query error [year is not in the range [1, 9999]: 292277026596]","request_id":"30717172-a5b0-4b1e-906e-4224ff20c130","time":"2023-04-02T11:33:30+08:00"}
{"level":"info","msg":"[成功连接redis]","request_id":"3e6562c2-8d54-406f-becf-e615a13c9965","time":"2023-04-02 11:35:39"}
{"level":"info","msg":"/Users/tech/go/src/ginDemo/dal/db/db_send_record.go:61 year is not in the range [1, 9999]: 292277026596\n[10.923ms] [rows:0] SELECT * FROM `rp_send_record` WHERE user_id = 'ap0112' AND group_chat_id = 'testgroup001' AND create_time \u003c '292277026596-12-04 23:30:07' ORDER BY create_time desc LIMIT 11","request_id":"3e6562c2-8d54-406f-becf-e615a13c9965","time":"2023-04-02T11:36:22+08:00"}
{"level":"error","msg":"dal.QuerySendRecordByCond query error [year is not in the range [1, 9999]: 292277026596]","request_id":"3e6562c2-8d54-406f-becf-e615a13c9965","time":"2023-04-02T11:36:22+08:00"}
{"level":"info","msg":"[成功连接redis]","request_id":"5a878765-9464-4d9c-bc30-e7641882178b","time":"2023-04-02 11:37:29"}
{"level":"info","msg":"/Users/tech/go/src/ginDemo/dal/db/db_send_record.go:61\n[8.989ms] [rows:0] SELECT * FROM `rp_send_record` WHERE user_id = 'ap0112' AND group_chat_id = 'testgroup001' AND create_time \u003c '1970-01-01 08:00:00' ORDER BY create_time desc LIMIT 21","request_id":"5a878765-9464-4d9c-bc30-e7641882178b","time":"2023-04-02T11:38:45+08:00"}
{"level":"info","msg":"/Users/tech/go/src/ginDemo/dal/db/db_send_record.go:61 year is not in the range [1, 9999]: 292277026596\n[0.447ms] [rows:0] SELECT * FROM `rp_send_record` WHERE user_id = 'ap0112' AND group_chat_id = 'testgroup001' AND create_time \u003c '292277026596-12-04 23:30:07' ORDER BY create_time desc LIMIT 21","request_id":"5a878765-9464-4d9c-bc30-e7641882178b","time":"2023-04-02T11:40:56+08:00"}
{"level":"error","msg":"dal.QuerySendRecordByCond query error [year is not in the range [1, 9999]: 292277026596]","request_id":"5a878765-9464-4d9c-bc30-e7641882178b","time":"2023-04-02T11:40:56+08:00"}
{"level":"info","msg":"/Users/tech/go/src/ginDemo/dal/db/db_send_record.go:61\n[8.722ms] [rows:5] SELECT * FROM `rp_send_record` WHERE user_id = 'ap0112' AND group_chat_id = 'testgroup001' AND create_time \u003c '2999-01-01 00:00:00' ORDER BY create_time desc LIMIT 21","request_id":"5a878765-9464-4d9c-bc30-e7641882178b","time":"2023-04-02T11:43:27+08:00"}
{"client_ip":"::1","level":"info","method":"GET","msg":"","request_id":"5a878765-9464-4d9c-bc30-e7641882178b","status_code":200,"time":"2023-04-02T11:44:11+08:00","uri":"/red-packet/send/query"}
{"client_ip":"::1","level":"info","method":"GET","msg":"","request_id":"aa63d59f-827b-46c7-b871-20343c52c7d5","status_code":404,"time":"2023-04-02T11:46:41+08:00","uri":"/red-packet/export"}
{"client_ip":"::1","level":"info","method":"GET","msg":"","request_id":"ed866897-a804-47a2-9634-53a1e6a671b4","status_code":404,"time":"2023-04-02T11:47:32+08:00","uri":"/red-packet/send/export"}
{"client_ip":"::1","level":"info","method":"GET","msg":"","request_id":"587ff75f-7bb0-46ac-b81a-2c7138f0fd11","status_code":404,"time":"2023-04-02T11:47:34+08:00","uri":"/red-packet/send/export"}
{"level":"info","msg":"/Users/tech/go/src/ginDemo/dal/db/db_send_record.go:93\n[2.838ms] [rows:2] SELECT * FROM `rp_send_record` WHERE user_id = 'ap001' AND group_chat_id = 'testgroup001' ORDER BY create_time desc LIMIT 50","request_id":"b4d6b14f-fb9a-400d-96be-f4ec3f699a6d","time":"2023-04-02T11:48:23+08:00"}
{"client_ip":"::1","level":"info","method":"POST","msg":"","request_id":"b4d6b14f-fb9a-400d-96be-f4ec3f699a6d","status_code":200,"time":"2023-04-02T11:48:29+08:00","uri":"/red-packet/send/export"}
{"level":"info","msg":"[成功连接redis]","request_id":"8dbeb81e-83c3-45de-aa7a-1a61e7d1b8d5","time":"2023-04-02 11:59:02"}
{"level":"info","msg":"/Users/tech/go/src/ginDemo/dal/db/db_send_record.go:61\n[3.944ms] [rows:5] SELECT * FROM `rp_send_record` WHERE user_id = 'ap0112' AND group_chat_id = 'testgroup001' AND create_time \u003c '2999-01-01 00:00:00' ORDER BY create_time desc LIMIT 21","request_id":"8dbeb81e-83c3-45de-aa7a-1a61e7d1b8d5","time":"2023-04-02T11:59:25+08:00"}
{"client_ip":"::1","level":"info","method":"GET","msg":"","request_id":"8dbeb81e-83c3-45de-aa7a-1a61e7d1b8d5","status_code":200,"time":"2023-04-02T11:59:25+08:00","uri":"/red-packet/send/query"}
{"level":"info","msg":"/Users/tech/go/src/ginDemo/dal/db/db_send_record.go:61\n[12.011ms] [rows:5] SELECT * FROM `rp_send_record` WHERE user_id = 'ap0112' AND group_chat_id = 'testgroup001' AND create_time \u003c '2999-01-01 00:00:00' ORDER BY create_time desc LIMIT 21","request_id":"0bcf39b8-9a63-45b1-b1ce-699b298353c4","time":"2023-04-02T11:59:52+08:00"}
{"client_ip":"::1","level":"info","method":"GET","msg":"","request_id":"0bcf39b8-9a63-45b1-b1ce-699b298353c4","status_code":200,"time":"2023-04-02T11:59:52+08:00","uri":"/red-packet/send/query"}
{"level":"info","msg":"[成功连接redis]","request_id":"1af17a84-7e9a-44a4-97c0-f42c5f6c1b37","time":"2023-04-02 12:02:50"}
{"level":"info","msg":"/Users/tech/go/src/ginDemo/dal/db/db_send_record.go:61\n[274.087ms] [rows:5] SELECT * FROM `rp_send_record` WHERE user_id = 'ap0112' AND group_chat_id = 'testgroup001' AND create_time \u003c '2999-01-01 00:00:00' ORDER BY create_time desc LIMIT 21","request_id":"1af17a84-7e9a-44a4-97c0-f42c5f6c1b37","time":"2023-04-02T12:09:37+08:00"}
{"client_ip":"::1","level":"info","method":"GET","msg":"","request_id":"1af17a84-7e9a-44a4-97c0-f42c5f6c1b37","status_code":200,"time":"2023-04-02T12:09:37+08:00","uri":"/red-packet/send/query"}
{"level":"info","msg":"/Users/tech/go/src/ginDemo/dal/db/db_send_record.go:61\n[4.584ms] [rows:5] SELECT * FROM `rp_send_record` WHERE user_id = 'ap0112' AND group_chat_id = 'testgroup001' AND create_time \u003c '2999-01-01 00:00:00' ORDER BY create_time desc LIMIT 21","request_id":"02c760ce-f638-4c55-99b4-a97549628479","time":"2023-04-02T12:11:38+08:00"}
{"client_ip":"::1","level":"info","method":"GET","msg":"","request_id":"02c760ce-f638-4c55-99b4-a97549628479","status_code":200,"time":"2023-04-02T12:11:38+08:00","uri":"/red-packet/send/query"}
{"level":"info","msg":"/Users/tech/go/src/ginDemo/dal/db/db_send_record.go:61\n[1.833ms] [rows:5] SELECT * FROM `rp_send_record` WHERE user_id = 'ap0112' AND group_chat_id = 'testgroup001' AND create_time \u003c '2999-01-01 00:00:00' ORDER BY create_time desc LIMIT 21","request_id":"8a7a6275-6576-4f1a-a287-fa2aacd43224","time":"2023-04-02T12:16:13+08:00"}
{"client_ip":"::1","level":"info","method":"GET","msg":"","request_id":"8a7a6275-6576-4f1a-a287-fa2aacd43224","status_code":200,"time":"2023-04-02T12:16:13+08:00","uri":"/red-packet/send/query"}
{"level":"info","msg":"/Users/tech/go/src/ginDemo/dal/db/db_send_record.go:61\n[14.600ms] [rows:5] SELECT * FROM `rp_send_record` WHERE user_id = 'ap0112' AND group_chat_id = 'testgroup001' AND create_time \u003c '2999-01-01 00:00:00' ORDER BY create_time desc LIMIT 21","request_id":"38889999-62bb-454d-849e-62fd97f914fa","time":"2023-04-02T12:17:13+08:00"}
{"client_ip":"::1","level":"info","method":"GET","msg":"","request_id":"38889999-62bb-454d-849e-62fd97f914fa","status_code":200,"time":"2023-04-02T12:17:13+08:00","uri":"/red-packet/send/query"}
{"level":"info","msg":"/Users/tech/go/src/ginDemo/dal/db/db_send_record.go:61\n[18.401ms] [rows:5] SELECT * FROM `rp_send_record` WHERE user_id = 'ap0112' AND group_chat_id = 'testgroup001' AND create_time \u003c '2999-01-01 00:00:00' ORDER BY create_time desc LIMIT 21","request_id":"32644e68-b8cd-4231-810c-18bc55b3cad3","time":"2023-04-02T12:17:13+08:00"}
{"client_ip":"::1","level":"info","method":"GET","msg":"","request_id":"32644e68-b8cd-4231-810c-18bc55b3cad3","status_code":200,"time":"2023-04-02T12:17:13+08:00","uri":"/red-packet/send/query"}
{"level":"info","msg":"/Users/tech/go/src/ginDemo/dal/db/db_send_record.go:61\n[22.831ms] [rows:5] SELECT * FROM `rp_send_record` WHERE user_id = 'ap0112' AND group_chat_id = 'testgroup001' AND create_time \u003c '2999-01-01 00:00:00' ORDER BY create_time desc LIMIT 21","request_id":"46413a33-4d87-4d88-b9cf-5b3479e1ad1d","time":"2023-04-02T12:17:14+08:00"}
{"client_ip":"::1","level":"info","method":"GET","msg":"","request_id":"46413a33-4d87-4d88-b9cf-5b3479e1ad1d","status_code":200,"time":"2023-04-02T12:17:14+08:00","uri":"/red-packet/send/query"}
{"level":"info","msg":"/Users/tech/go/src/ginDemo/dal/db/db_send_record.go:61\n[1.570ms] [rows:5] SELECT * FROM `rp_send_record` WHERE user_id = 'ap0112' AND group_chat_id = 'testgroup001' AND create_time \u003c '2999-01-01 00:00:00' ORDER BY create_time desc LIMIT 21","request_id":"a448dff7-c891-42da-9b5a-6a3a332309f6","time":"2023-04-02T12:17:33+08:00"}
{"client_ip":"::1","level":"info","method":"GET","msg":"","request_id":"a448dff7-c891-42da-9b5a-6a3a332309f6","status_code":200,"time":"2023-04-02T12:17:33+08:00","uri":"/red-packet/send/query"}
{"level":"info","msg":"/Users/tech/go/src/ginDemo/dal/db/db_send_record.go:61\n[5.442ms] [rows:5] SELECT * FROM `rp_send_record` WHERE user_id = 'ap0112' AND group_chat_id = 'testgroup001' AND create_time \u003c '2999-01-01 00:00:00' ORDER BY create_time desc LIMIT 21","request_id":"6162eeb8-8ec1-4b60-86cc-f577a3c2a2d1","time":"2023-04-02T12:17:34+08:00"}
{"client_ip":"::1","level":"info","method":"GET","msg":"","request_id":"6162eeb8-8ec1-4b60-86cc-f577a3c2a2d1","status_code":200,"time":"2023-04-02T12:17:34+08:00","uri":"/red-packet/send/query"}
{"level":"info","msg":"/Users/tech/go/src/ginDemo/dal/db/db_send_record.go:61\n[1.341ms] [rows:5] SELECT * FROM `rp_send_record` WHERE user_id = 'ap0112' AND group_chat_id = 'testgroup001' AND create_time \u003c '2999-01-01 00:00:00' ORDER BY create_time desc LIMIT 21","request_id":"f8fe735c-e98f-43e0-9668-150db10f8b06","time":"2023-04-02T12:17:34+08:00"}
{"client_ip":"::1","level":"info","method":"GET","msg":"","request_id":"f8fe735c-e98f-43e0-9668-150db10f8b06","status_code":200,"time":"2023-04-02T12:17:34+08:00","uri":"/red-packet/send/query"}
{"level":"info","msg":"[成功连接redis]","request_id":"15cd6279-7a7e-4b63-a5d6-d9a0dd11a0bf","time":"2023-04-02 12:23:15"}
{"level":"info","msg":"/Users/tech/go/src/ginDemo/dal/db/db_send_record.go:61\n[8.597ms] [rows:5] SELECT * FROM `rp_send_record` WHERE user_id = 'ap0112' AND group_chat_id = 'testgroup001' AND create_time \u003c '2999-01-01 00:00:00' ORDER BY create_time desc LIMIT 21","request_id":"15cd6279-7a7e-4b63-a5d6-d9a0dd11a0bf","time":"2023-04-02T12:23:40+08:00"}
{"client_ip":"::1","level":"info","method":"GET","msg":"","request_id":"15cd6279-7a7e-4b63-a5d6-d9a0dd11a0bf","status_code":200,"time":"2023-04-02T12:23:40+08:00","uri":"/red-packet/send/query"}
{"level":"info","msg":"/Users/tech/go/src/ginDemo/dal/db/db_send_record.go:61\n[6.002ms] [rows:5] SELECT * FROM `rp_send_record` WHERE user_id = 'ap0112' AND group_chat_id = 'testgroup001' AND create_time \u003c '2999-01-01 00:00:00' ORDER BY create_time desc LIMIT 21","request_id":"4e09ad4e-f447-4d53-997b-214473a24246","time":"2023-04-02T12:23:41+08:00"}
{"client_ip":"::1","level":"info","method":"GET","msg":"","request_id":"4e09ad4e-f447-4d53-997b-214473a24246","status_code":200,"time":"2023-04-02T12:23:41+08:00","uri":"/red-packet/send/query"}
{"level":"info","msg":"[成功连接redis]","request_id":"df654fe4-2125-4f65-8033-52019eae95b0","time":"2023-04-02 12:24:14"}
{"level":"info","msg":"/Users/tech/go/src/ginDemo/dal/db/db_send_record.go:61\n[4.898ms] [rows:5] SELECT * FROM `rp_send_record` WHERE user_id = 'ap0112' AND group_chat_id = 'testgroup001' AND create_time \u003c '2999-01-01 00:00:00' ORDER BY create_time desc LIMIT 21","request_id":"df654fe4-2125-4f65-8033-52019eae95b0","time":"2023-04-02T12:24:21+08:00"}
{"client_ip":"::1","level":"info","method":"GET","msg":"","request_id":"df654fe4-2125-4f65-8033-52019eae95b0","status_code":200,"time":"2023-04-02T12:24:21+08:00","uri":"/red-packet/send/query"}
{"level":"info","msg":"[成功连接redis]","request_id":"a5171424-d6db-4e7c-8d7e-d57b56ef2019","time":"2023-04-02 12:33:24"}
